#
# There is insufficient memory for the Java Runtime Environment to continue.
# Native memory allocation (mmap) failed to map 264241152 bytes for G1 virtual space
# Possible reasons:
#   The system is out of physical RAM or swap space
#   The process is running with CompressedOops enabled, and the Java Heap may be blocking the growth of the native heap
# Possible solutions:
#   Reduce memory load on the system
#   Increase physical memory or swap space
#   Check if swap backing store is full
#   Decrease Java heap size (-Xmx/-Xms)
#   Decrease number of Java threads
#   Decrease Java thread stack sizes (-Xss)
#   Set larger code cache with -XX:ReservedCodeCacheSize=
#   JVM is running with Zero Based Compressed Oops mode in which the Java heap is
#     placed in the first 32GB address space. The Java Heap base address is the
#     maximum limit for the native heap growth. Please use -XX:HeapBaseMinAddress
#     to set the Java Heap base and to place the Java Heap above 32GB virtual address.
# This output file may be truncated or incomplete.
#
#  Out of Memory Error (os_windows.cpp:3530), pid=22784, tid=13268
#
# JRE version:  (18.0.1.1+2) (build )
# Java VM: Java HotSpot(TM) 64-Bit Server VM (18.0.1.1+2-6, mixed mode, emulated-client, sharing, tiered, compressed oops, compressed class ptrs, g1 gc, windows-amd64)
# No core dump will be written. Minidumps are not enabled by default on client versions of Windows
#

---------------  S U M M A R Y ------------

Command Line: -XX:TieredStopAtLevel=1 -Xverify:none -Dspring.output.ansi.enabled=always -Dcom.sun.management.jmxremote -Dspring.jmx.enabled=true -Dspring.liveBeansView.mbeanDomain -Dspring.application.admin.enabled=true -javaagent:C:\Program Files\JetBrains\IntelliJ IDEA 2022.1\lib\idea_rt.jar=61827:C:\Program Files\JetBrains\IntelliJ IDEA 2022.1\bin -Dfile.encoding=UTF-8 com.dev.kamalelmagouri.digitalbanking.DigitalBankingApplication

Host: 11th Gen Intel(R) Core(TM) i7-11370H @ 3.30GHz, 8 cores, 15G,  Windows 11 , 64 bit Build 22621 (10.0.22621.1485)
Time: Wed May 17 22:26:09 2023 Maroc (heure d64 bit Build 22621 (10.0.22621.1485) elapsed time: 0.011984 seconds (0d 0h 0m 0s)

---------------  T H R E A D  ---------------

Current thread (0x0000020519013340):  JavaThread "Unknown thread" [_thread_in_vm, id=13268, stack(0x000000d0e1000000,0x000000d0e1100000)]

Stack: [0x000000d0e1000000,0x000000d0e1100000]
Native frames: (J=compiled Java code, j=interpreted, Vv=VM code, C=native code)
V  [jvm.dll+0x69887a]
V  [jvm.dll+0x7f38bd]
V  [jvm.dll+0x7f51ce]
V  [jvm.dll+0x7f5883]
V  [jvm.dll+0x25ca3f]
V  [jvm.dll+0x6957c9]
V  [jvm.dll+0x68a2fa]
V  [jvm.dll+0x321efb]
V  [jvm.dll+0x3298d6]
V  [jvm.dll+0x37e47e]
V  [jvm.dll+0x37e6af]
V  [jvm.dll+0x2f9c7a]
V  [jvm.dll+0x2facdd]
V  [jvm.dll+0x7c24f0]
V  [jvm.dll+0x38b801]
V  [jvm.dll+0x7a1203]
V  [jvm.dll+0x40d6bf]
V  [jvm.dll+0x40f091]
C  [jli.dll+0x526b]
C  [ucrtbase.dll+0x29363]
C  [KERNEL32.DLL+0x1269d]
C  [ntdll.dll+0x5a9f8]


---------------  P R O C E S S  ---------------

Threads class SMR info:
_java_thread_list=0x00007ff9b361d550, length=0, elements={
}

Java Threads: ( => current thread )

Other Threads:
  0x00000205190831d0 WorkerThread "GC Thread#0" [stack: 0x000000d0e1100000,0x000000d0e1200000] [id=12492]
  0x000002052d032010 ConcurrentGCThread "G1 Main Marker" [stack: 0x000000d0e1200000,0x000000d0e1300000] [id=11212]
  0x000002052d0331a0 WorkerThread "G1 Conc#0" [stack: 0x000000d0e1300000,0x000000d0e1400000] [id=33364]

[error occurred during error reporting (printing all threads), id 0xc0000005, EXCEPTION_ACCESS_VIOLATION (0xc0000005) at pc=0x00007ff9b2e4a217]

VM state: not at safepoint (not fully initialized)

VM Mutex/Monitor currently owned by a thread:  ([mutex/lock_event])
[0x000002051900f410] Heap_lock - owner thread: 0x0000020519013340

Heap address: 0x0000000705000000, size: 4016 MB, Compressed Oops mode: Zero based, Oop shift amount: 3

CDS archive(s) mapped at: [0x0000000000000000-0x0000000000000000-0x0000000000000000), size 0, SharedBaseAddress: 0x0000000800000000, ArchiveRelocationMode: 0.
Narrow klass base: 0x0000000000000000, Narrow klass shift: 0, Narrow klass range: 0x0

GC Precious Log:
 CardTable entry size: 512
 Card Set container configuration: InlinePtr #cards 4 size 8 Array Of Cards #cards 16 size 48 Howl #buckets 8 coarsen threshold 3686 Howl Bitmap #cards 512 size 80 coarsen threshold 460 Card regions per heap region 1 cards per card region 4096

Heap:
 garbage-first heap   total 0K, used 0K [0x0000000705000000, 0x0000000800000000)
  region size 2048K, 0 young (0K), 0 survivors (0K)

[error occurred during error reporting (printing heap information), id 0xc0000005, EXCEPTION_ACCESS_VIOLATION (0xc0000005) at pc=0x00007ff9b3230cb9]

GC Heap History (0 events):
No events

Deoptimization events (0 events):
No events

Classes loaded (0 events):
No events

Classes unloaded (0 events):
No events

Classes redefined (0 events):
No events

Internal exceptions (0 events):
No events

VM Operations (0 events):
No events

Events (1 events):
Event: 0.007 Loaded shared library C:\Program Files\Java\jdk-18.0.1.1\bin\java.dll


Dynamic libraries:
0x00007ff637aa0000 - 0x00007ff637ab0000 	C:\Program Files\Java\jdk-18.0.1.1\bin\java.exe
0x00007ffa285b0000 - 0x00007ffa287c4000 	C:\WINDOWS\SYSTEM32\ntdll.dll
0x00007ffa26ed0000 - 0x00007ffa26f92000 	C:\WINDOWS\System32\KERNEL32.DLL
0x00007ffa25ef0000 - 0x00007ffa2628c000 	C:\WINDOWS\System32\KERNELBASE.dll
0x00007ffa259f0000 - 0x00007ffa25b01000 	C:\WINDOWS\System32\ucrtbase.dll
0x00007ffa102f0000 - 0x00007ffa1030a000 	C:\Program Files\Java\jdk-18.0.1.1\bin\VCRUNTIME140.dll
0x00007ffa1cef0000 - 0x00007ffa1cf08000 	C:\Program Files\Java\jdk-18.0.1.1\bin\jli.dll
0x00007ffa268b0000 - 0x00007ffa2695e000 	C:\WINDOWS\System32\ADVAPI32.dll
0x00007ffa266d0000 - 0x00007ffa26777000 	C:\WINDOWS\System32\msvcrt.dll
0x00007ffa284a0000 - 0x00007ffa28544000 	C:\WINDOWS\System32\sechost.dll
0x00007ffa263c0000 - 0x00007ffa264d7000 	C:\WINDOWS\System32\RPCRT4.dll
0x00007ffa274f0000 - 0x00007ffa2769b000 	C:\WINDOWS\System32\USER32.dll
0x00007ffa08580000 - 0x00007ffa0880e000 	C:\WINDOWS\WinSxS\amd64_microsoft.windows.common-controls_6595b64144ccf1df_6.0.22621.608_none_a9444ca7c10bb01d\COMCTL32.dll
0x00007ffa25da0000 - 0x00007ffa25dc6000 	C:\WINDOWS\System32\win32u.dll
0x00007ffa28430000 - 0x00007ffa28459000 	C:\WINDOWS\System32\GDI32.dll
0x00007ffa25c80000 - 0x00007ffa25d93000 	C:\WINDOWS\System32\gdi32full.dll
0x00007ffa25dd0000 - 0x00007ffa25e6a000 	C:\WINDOWS\System32\msvcp_win.dll
0x00007ffa19d90000 - 0x00007ffa19d9a000 	C:\WINDOWS\SYSTEM32\VERSION.dll
0x00007ffa28460000 - 0x00007ffa28491000 	C:\WINDOWS\System32\IMM32.DLL
0x00007ffa1fe50000 - 0x00007ffa1fe5c000 	C:\Program Files\Java\jdk-18.0.1.1\bin\vcruntime140_1.dll
0x00007ff9fcd90000 - 0x00007ff9fce1d000 	C:\Program Files\Java\jdk-18.0.1.1\bin\msvcp140.dll
0x00007ff9b2b40000 - 0x00007ff9b3750000 	C:\Program Files\Java\jdk-18.0.1.1\bin\server\jvm.dll
0x00007ffa26640000 - 0x00007ffa26648000 	C:\WINDOWS\System32\PSAPI.DLL
0x00007ff9f8230000 - 0x00007ff9f8239000 	C:\WINDOWS\SYSTEM32\WSOCK32.dll
0x00007ffa1b610000 - 0x00007ffa1b644000 	C:\WINDOWS\SYSTEM32\WINMM.dll
0x00007ffa26650000 - 0x00007ffa266c1000 	C:\WINDOWS\System32\WS2_32.dll
0x00007ffa24b10000 - 0x00007ffa24b28000 	C:\WINDOWS\SYSTEM32\kernel.appcore.dll
0x00007ffa1de40000 - 0x00007ffa1de4a000 	C:\Program Files\Java\jdk-18.0.1.1\bin\jimage.dll
0x00007ffa22f00000 - 0x00007ffa2312e000 	C:\WINDOWS\SYSTEM32\DBGHELP.DLL
0x00007ffa26fc0000 - 0x00007ffa27349000 	C:\WINDOWS\System32\combase.dll
0x00007ffa269c0000 - 0x00007ffa26a97000 	C:\WINDOWS\System32\OLEAUT32.dll
0x00007ffa181b0000 - 0x00007ffa181e2000 	C:\WINDOWS\SYSTEM32\dbgcore.DLL
0x00007ffa25e70000 - 0x00007ffa25eeb000 	C:\WINDOWS\System32\bcryptPrimitives.dll
0x00007ffa1d390000 - 0x00007ffa1d39e000 	C:\Program Files\Java\jdk-18.0.1.1\bin\instrument.dll
0x00007ffa0c280000 - 0x00007ffa0c2a5000 	C:\Program Files\Java\jdk-18.0.1.1\bin\java.dll

dbghelp: loaded successfully - version: 4.0.5 - missing functions: none
symbol engine: initialized successfully - sym options: 0x614 - pdb path: .;C:\Program Files\Java\jdk-18.0.1.1\bin;C:\WINDOWS\SYSTEM32;C:\WINDOWS\WinSxS\amd64_microsoft.windows.common-controls_6595b64144ccf1df_6.0.22621.608_none_a9444ca7c10bb01d;C:\Program Files\Java\jdk-18.0.1.1\bin\server

VM Arguments:
jvm_args: -XX:TieredStopAtLevel=1 -Xverify:none -Dspring.output.ansi.enabled=always -Dcom.sun.management.jmxremote -Dspring.jmx.enabled=true -Dspring.liveBeansView.mbeanDomain -Dspring.application.admin.enabled=true -javaagent:C:\Program Files\JetBrains\IntelliJ IDEA 2022.1\lib\idea_rt.jar=61827:C:\Program Files\JetBrains\IntelliJ IDEA 2022.1\bin -Dfile.encoding=UTF-8 
java_command: com.dev.kamalelmagouri.digitalbanking.DigitalBankingApplication
java_class_path (initial): C:\myWorkSpace\MUP IWMBIGDATA - WorkSpace\JEE\digital-banking\target\classes;C:\Users\kamal\.m2\repository\org\springframework\boot\spring-boot-starter-data-jpa\2.7.8\spring-boot-starter-data-jpa-2.7.8.jar;C:\Users\kamal\.m2\repository\org\springframework\boot\spring-boot-starter-aop\2.7.8\spring-boot-starter-aop-2.7.8.jar;C:\Users\kamal\.m2\repository\org\springframework\spring-aop\5.3.25\spring-aop-5.3.25.jar;C:\Users\kamal\.m2\repository\org\aspectj\aspectjweaver\1.9.7\aspectjweaver-1.9.7.jar;C:\Users\kamal\.m2\repository\org\springframework\boot\spring-boot-starter-jdbc\2.7.8\spring-boot-starter-jdbc-2.7.8.jar;C:\Users\kamal\.m2\repository\com\zaxxer\HikariCP\4.0.3\HikariCP-4.0.3.jar;C:\Users\kamal\.m2\repository\org\springframework\spring-jdbc\5.3.25\spring-jdbc-5.3.25.jar;C:\Users\kamal\.m2\repository\jakarta\transaction\jakarta.transaction-api\1.3.3\jakarta.transaction-api-1.3.3.jar;C:\Users\kamal\.m2\repository\jakarta\persistence\jakarta.persistence-api\2.2.3\jakarta.persistence-api-2.2.3.jar;C:\Users\kamal\.m2\repository\org\hibernate\hibernate-core\5.6.14.Final\hibernate-core-5.6.14.Final.jar;C:\Users\kamal\.m2\repository\org\jboss\logging\jboss-logging\3.4.3.Final\jboss-logging-3.4.3.Final.jar;C:\Users\kamal\.m2\repository\net\bytebuddy\byte-buddy\1.12.22\byte-buddy-1.12.22.jar;C:\Users\kamal\.m2\repository\antlr\antlr\2.7.7\antlr-2.7.7.jar;C:\Users\kamal\.m2\repository\org\jboss\jandex\2.4.2.Final\jandex-2.4.2.Final.jar;C:\Users\kamal\.m2\repository\com\fasterxml\classmate\1.5.1\classmate-1.5.1.jar;C:\Users\kamal\.m2\repository\org\hibernate\common\hibernate-commons-annotations\5.1.2.Final\hibernate-commons-annotations-5.1.2.Final.jar;C:\Users\kamal\.m2\repository\org\glassfish\jaxb\jaxb-runtime\2.3.7\jaxb-runtime-2.3.7.jar;C:\Users\kamal\.m2\repository\org\glassfish\jaxb\txw2\2.3.7\txw2-2.3.7.jar;C:\Users\kamal\.m2\repository\com\sun\istack\istack-commons-runtime\3.0.12\istack-commons-runtime-3.0.12.jar;C:\Users\kamal\.m2\repository\com\sun\activation\jakarta.activation\1.2.2\jakarta.activation-1.2.2.jar;C:\Users\kamal\.m2\repository\org\springframework\data\spring-data-jpa\2.7.7\spring-data-jpa-2.7.7.jar;C:\Users\kamal\.m2\repository\org\springframework\data\spring-data-commons\2.7.7\spring-data-commons-2.7.7.jar;C:\Users\kamal\.m2\repository\org\springframework\spring-orm\5.3.25\spring-orm-5.3.25.jar;C:\Users\kamal\.m2\repository\org\springframework\spring-tx\5.3.25\spring-tx-5.3.25.jar;C:\Users\kamal\.m2\repository\org\slf4j\slf4j-api\1.7.36\slf4j-api-1.7.36.jar;C:\Users\kamal\.m2\repository\org\springframework\spring-aspects\5.3.25\spring-aspects-5.3.25.jar;C:\Users\kamal\.m2\repository\org\springframework\boot\spring-boot-starter-data-rest\2.7.8\spring-boot-starter-data-rest-2.7.8.jar;C:\Users\kamal\.m2\repository\org\springframework\data\spring-data-rest-webmvc\3.7.7\spring-data-rest-webmvc-3.7.7.jar;C:\Users\kamal\.m2\repository\org\springframework\data\spring-data-rest-core\3.7.7\spring-data-rest-core-3.7.7.jar;C:\Users\kamal\.m2\repository\org\springframework\hateoas\spring-hateoas\1.5.2\spring-hateoas-1.5.2.jar;C:\Users\kamal\.m2\repository\org\springframework\plugin\spring-plugin-core\2.0.0.RELEASE\spring-plugin-core-2.0.0.RELEASE.jar;C:\Users\kamal\.m2\repository\org\atteo\evo-inflector\1.3\evo-inflector-1.3.jar;C:\Users\kamal\.m2\repository\com\fasterxml\jackson\core\jackson-databind\2.13.4.2\jackson-databind-2.13.4.2.jar;C:\Users\kamal\.m2\repository\com\fasterxml\jackson\core\jackson-annotations\2.13.4\jackson-annotations-2.13.4.jar;C:\Users\kamal\.m2\repository\org\springframework\boot\spring-boot-starter-graphql\2.7.8\spring-boot-starter-graphql-2.7.8.jar;C:\Users\kamal\.m2\repository\org\springframework\boot\spring-boot-starter\2.7.8\spring-boot-starter-2.7.8.jar;C:\Users\kamal\.m2\repository\org\springframework\boot\spring-boot\2.7.8\spring-boot-2.7.8.jar;C:\Users\kamal\.m2\repository\org\springframework\boot\spring-boot-autoconfigure\2.7.8\spring-boot-autoconfigure-2.7.8.jar;C:\Users\kamal\.m2\repository\org\springframework\boot\spring-boot-starter-logging\2.7.8\spring-boot-starter-logging-2.7.8.jar;C:\Users\kamal\.m2\repository\ch\qos\logback\logback-classic\1.2.11\logback-classic-1.2.11.jar;C:\Users\kamal\.m2\repository\ch\qos\logback\logback-core\1.2.11\logback-core-1.2.11.jar;C:\Users\kamal\.m2\repository\org\apache\logging\log4j\log4j-to-slf4j\2.17.2\log4j-to-slf4j-2.17.2.jar;C:\Users\kamal\.m2\repository\org\apache\logging\log4j\log4j-api\2.17.2\log4j-api-2.17.2.jar;C:\Users\kamal\.m2\repository\org\slf4j\jul-to-slf4j\1.7.36\jul-to-slf4j-1.7.36.jar;C:\Users\kamal\.m2\repository\jakarta\annotation\jakarta.annotation-api\1.3.5\jakarta.annotation-api-1.3.5.jar;C:\Users\kamal\.m2\repository\org\yaml\snakeyaml\1.30\snakeyaml-1.30.jar;C:\Users\kamal\.m2\repository\org\springframework\boot\spring-boot-starter-json\2.7.8\spring-boot-starter-json-2.7.8.jar;C:\Users\kamal\.m2\repository\com\fasterxml\jackson\datatype\jackson-datatype-jdk8\2.13.4\jackson-datatype-jdk8-2.13.4.jar;C:\Users\kamal\.m2\repository\com\fasterxml\jackson\datatype\jackson-datatype-jsr310\2.13.4\jackson-datatype-jsr310-2.13.4.jar;C:\Users\kamal\.m2\repository\com\fasterxml\jackson\module\jackson-module-parameter-names\2.13.4\jackson-module-parameter-names-2.13.4.jar;C:\Users\kamal\.m2\repository\org\springframework\graphql\spring-graphql\1.0.3\spring-graphql-1.0.3.jar;C:\Users\kamal\.m2\repository\org\springframework\boot\spring-boot-starter-web\2.7.8\spring-boot-starter-web-2.7.8.jar;C:\Users\kamal\.m2\repository\org\springframework\boot\spring-boot-starter-tomcat\2.7.8\spring-boot-starter-tomcat-2.7.8.jar;C:\Users\kamal\.m2\repository\org\apache\tomcat\embed\tomcat-embed-core\9.0.71\tomcat-embed-core-9.0.71.jar;C:\Users\kamal\.m2\repository\org\apache\tomcat\embed\tomcat-embed-el\9.0.71\tomcat-embed-el-9.0.71.jar;C:\Users\kamal\.m2\repository\org\apache\tomcat\embed\tomcat-embed-websocket\9.0.71\tomcat-embed-websocket-9.0.71.jar;C:\Users\kamal\.m2\repository\org\springframework\spring-web\5.3.25\spring-web-5.3.25.jar;C:\Users\kamal\.m2\repository\org\springframework\spring-webmvc\5.3.25\spring-webmvc-5.3.25.jar;C:\Users\kamal\.m2\repository\org\springframework\spring-expression\5.3.25\spring-expression-5.3.25.jar;C:\Users\kamal\.m2\repository\com\h2database\h2\2.1.214\h2-2.1.214.jar;C:\Users\kamal\.m2\repository\org\projectlombok\lombok\1.18.24\lombok-1.18.24.jar;C:\Users\kamal\.m2\repository\com\jayway\jsonpath\json-path\2.7.0\json-path-2.7.0.jar;C:\Users\kamal\.m2\repository\net\minidev\json-smart\2.4.8\json-smart-2.4.8.jar;C:\Users\kamal\.m2\repository\net\minidev\accessors-smart\2.4.8\accessors-smart-2.4.8.jar;C:\Users\kamal\.m2\repository\org\ow2\asm\asm\9.1\asm-9.1.jar;C:\Users\kamal\.m2\repository\jakarta\xml\bind\jakarta.xml.bind-api\2.3.3\jakarta.xml.bind-api-2.3.3.jar;C:\Users\kamal\.m2\repository\jakarta\activation\jakarta.activation-api\1.2.2\jakarta.activation-api-1.2.2.jar;C:\Users\kamal\.m2\repository\org\springframework\spring-core\5.3.25\spring-core-5.3.25.jar;C:\Users\kamal\.m2\repository\org\springframework\spring-jcl\5.3.25\spring-jcl-5.3.25.jar;C:\Users\kamal\.m2\repository\org\springframework\spring-beans\5.3.25\spring-beans-5.3.25.jar;C:\Users\kamal\.m2\repository\io\projectreactor\reactor-core\3.4.26\reactor-core-3.4.26.jar;C:\Users\kamal\.m2\repository\org\reactivestreams\reactive-streams\1.0.4\reactive-streams-1.0.4.jar;C:\Users\kamal\.m2\repository\com\graphql-java\graphql-java\18.3\graphql-java-18.3.jar;C:\Users\kamal\.m2\repository\com\graphql-java\java-dataloader\3.1.2\java-dataloader-3.1.2.jar;C:\Users\kamal\.m2\repository\org\antlr\antlr4-runtime\4.9.3\antlr4-runtime-4.9.3.jar;C:\Users\kamal\.m2\repository\org\springframework\spring-context\5.3.25\spring-context-5.3.25.jar;C:\Users\kamal\.m2\repository\org\springdoc\springdoc-openapi-ui\1.6.14\springdoc-openapi-ui-1.6.14.jar;C:\Users\kamal\.m2\repository\org\springdoc\springdoc-openapi-webmvc-core\1.6.14\springdoc-openapi-webmvc-core-1.6.14.jar;C:\Users\kamal\.m2\repository\org\springdoc\springdoc-openapi-common\1.6.14\springdoc-openapi-common-1.6.14.jar;C:\Users\kamal\.m2\repository\io\swagger\core\v3\swagger-core\2.2.7\swagger-core-2.2.7.jar;C:\Users\kamal\.m2\repository\org\apache\commons\commons-lang3\3.12.0\commons-lang3-3.12.0.jar;C:\Users\kamal\.m2\repository\com\fasterxml\jackson\dataformat\jackson-dataformat-yaml\2.13.4\jackson-dataformat-yaml-2.13.4.jar;C:\Users\kamal\.m2\repository\io\swagger\core\v3\swagger-annotations\2.2.7\swagger-annotations-2.2.7.jar;C:\Users\kamal\.m2\repository\io\swagger\core\v3\swagger-models\2.2.7\swagger-models-2.2.7.jar;C:\Users\kamal\.m2\repository\jakarta\validation\jakarta.validation-api\2.0.2\jakarta.validation-api-2.0.2.jar;C:\Users\kamal\.m2\repository\org\webjars\swagger-ui\4.15.5\swagger-ui-4.15.5.jar;C:\Users\kamal\.m2\repository\org\webjars\webjars-locator-core\0.50\webjars-locator-core-0.50.jar;C:\Users\kamal\.m2\repository\com\fasterxml\jackson\core\jackson-core\2.13.4\jackson-core-2.13.4.jar;C:\Users\kamal\.m2\repository\io\github\classgraph\classgraph\4.8.149\classgraph-4.8.149.jar;C:\Users\kamal\.m2\repository\org\jetbrains\annotations\24.0.1\annotations-24.0.1.jar
Launcher Type: SUN_STANDARD

[Global flags]
     intx CICompilerCount                          = 4                                         {product} {ergonomic}
     uint ConcGCThreads                            = 2                                         {product} {ergonomic}
     uint G1ConcRefinementThreads                  = 8                                         {product} {ergonomic}
   size_t G1HeapRegionSize                         = 2097152                                   {product} {ergonomic}
    uintx GCDrainStackTargetSize                   = 64                                        {product} {ergonomic}
   size_t InitialHeapSize                          = 264241152                                 {product} {ergonomic}
     bool ManagementServer                         = true                                      {product} {command line}
   size_t MarkStackSize                            = 4194304                                   {product} {ergonomic}
   size_t MaxHeapSize                              = 4211081216                                {product} {ergonomic}
   size_t MinHeapDeltaBytes                        = 2097152                                   {product} {ergonomic}
   size_t MinHeapSize                              = 8388608                                   {product} {ergonomic}
    uintx NonProfiledCodeHeapSize                  = 0                                      {pd product} {ergonomic}
     bool ProfileInterpreter                       = false                                  {pd product} {command line}
    uintx ProfiledCodeHeapSize                     = 0                                      {pd product} {ergonomic}
   size_t SoftMaxHeapSize                          = 4211081216                             {manageable} {ergonomic}
     intx TieredStopAtLevel                        = 1                                         {product} {command line}
     bool UseCompressedClassPointers               = true                           {product lp64_product} {ergonomic}
     bool UseCompressedOops                        = true                           {product lp64_product} {ergonomic}
     bool UseG1GC                                  = true                                      {product} {ergonomic}
     bool UseLargePagesIndividualAllocation        = false                                  {pd product} {ergonomic}

Logging:
Log output configuration:
 #0: stdout all=warning uptime,level,tags foldmultilines=false
 #1: stderr all=off uptime,level,tags foldmultilines=false

Environment Variables:
PATH=C:\Program Files (x86)\VMware\VMware Workstation\bin\;C:\Program Files\Common Files\Oracle\Java\javapath;C:\Python310\Scripts\;C:\Python310\;C:\Program Files (x86)\Common Files\Intel\Shared Libraries\redist\intel64\compiler;C:\Windows\system32;C:\Windows;C:\Windows\System32\Wbem;C:\Windows\System32\WindowsPowerShell\v1.0\;C:\Windows\System32\OpenSSH\;C:\Program Files (x86)\NVIDIA Corporation\PhysX\Common;C:\Program Files\NVIDIA Corporation\NVIDIA NvDLISR;C:\WINDOWS\system32;C:\WINDOWS;C:\WINDOWS\System32\Wbem;C:\WINDOWS\System32\WindowsPowerShell\v1.0\;C:\WINDOWS\System32\OpenSSH\;C:\Program Files\Microsoft SQL Server\150\Tools\Binn\;C:\Program Files\Microsoft SQL Server\Client SDK\ODBC\170\Tools\Binn\;C:\flutter\bin;C:\Program Files\nodejs\;C:\ProgramData\chocolatey\bin;C:\xampp\php;C:\composer;C:\Program Files\Git\cmd;C:\Program Files\MongoDB\Server\6.0\bin;C:\ProgramData\chocolatey\lib\mongodb-shell\tools\mongosh-1.1.7-win32-x64\bin;C:\WINDOWS\system32;C:\WINDOWS;C:\WINDOWS\System32\Wbem;C:\WINDOWS\System32\WindowsPowerShell\v1.0\;C:\WINDOWS\System32\OpenSSH\;C:\Program Files\dotnet\;C:\Program Files (x86)\Microsoft SQL Server\150\DTS\Binn\;C:\Program Files\Azure Data Studio\bin;C:\Program Files (x86)\Microsoft SQL Server\160\DTS\Binn\;C:\Program Files\Microsoft SQL Server\160\DTS\Binn\;C:\Program Files (x86)\Microsoft SQL Server\160\Tools\Binn\;C:\Program Files\Microsoft SQL Server\160\Tools\Binn\;C:\Program Files\Microsoft SQL Server\130\Tools\Binn\;C:\Program Files (x86)\Microsoft SQL Server\110\DTS\Binn\;C:\Program Files (x86)\Microsoft SQL Server\120\DTS\Binn\;C:\Program Files (x86)\Microsoft SQL Server\130\DTS\Binn\;C:\Program Files (x86)\Microsoft SQL Server\140\DTS\Binn\;C:\Program Files\Microsoft SQL Server\120\Tools\Binn\;C:\tools\dart-sdk;C:\Users\kamal\AppData\Local\Microsoft\WindowsApps;C:\Users\kamal\AppData\Local\Programs\Microsoft VS Code\bin;C:\Users\kamal\AppData\Local\GitHubDesktop\bin;C:\flutter\bin;C:\Program Files\JetBrains\PyCharm 2021.2.2\bin;;C:\Users\kamal\AppData\Roaming\npm;C:\Users\kamal\AppData\Roaming\Composer\vendor\bin;C:\apache-maven\apache-maven-3.8.5\bin;C:\Users\kamal\AppData\Local\.meteor;C:\Program Files\Azure Data Studio\bin;C:\Users\kamal\.dotnet\tools;C:\Program Files\JetBrains\IntelliJ IDEA 2022.1\bin;;C:\tools\dart-sdk\bin;C:\Users\kamal\AppData\Roaming\Pub\Cache\bin;
USERNAME=kamal
OS=Windows_NT
PROCESSOR_IDENTIFIER=Intel64 Family 6 Model 140 Stepping 1, GenuineIntel



---------------  S Y S T E M  ---------------

OS:
 Windows 11 , 64 bit Build 22621 (10.0.22621.1485)
OS uptime: 20 days 3:34 hours
Hyper-V role detected

CPU: total 8 (initial active 8) (4 cores per cpu, 2 threads per core) family 6 model 140 stepping 1 microcode 0x86, cx8, cmov, fxsr, ht, mmx, 3dnowpref, sse, sse2, sse3, ssse3, sse4.1, sse4.2, popcnt, lzcnt, tsc, tscinvbit, avx, avx2, aes, erms, clmul, bmi1, bmi2, adx, avx512f, avx512dq, avx512cd, avx512bw, avx512vl, sha, fma, vzeroupper, avx512_vpopcntdq, avx512_vpclmulqdq, avx512_vaes, avx512_vnni, clflush, clflushopt, clwb, avx512_vbmi2, avx512_vbmi, hv

Memory: 4k page, system-wide physical 16062M (800M free)
TotalPageFile size 26062M (AvailPageFile size 210M)
current process WorkingSet (physical memory assigned to process): 11M, peak: 11M
current process commit charge ("private bytes"): 56M, peak: 307M

vm_info: Java HotSpot(TM) 64-Bit Server VM (18.0.1.1+2-6) for windows-amd64 JRE (18.0.1.1+2-6), built on Apr 25 2022 21:53:15 by "mach5one" with MS VC++ 16.8 / 16.9 (VS2019)

END.
